android/app/build/intermediates/manifest_merge_blame_file/release/processReleaseMainManifest/manifest-merger-blame-release-report.txt
1<?xml version="1.0" encoding="utf-8"?>
2<manifest xmlns:android="http://schemas.android.com/apk/res/android"
3    package="com.burner.app"
4    android:versionCode="1"
5    android:versionName="1.0.0" >
6
7    <uses-sdk
8        android:minSdkVersion="26"
9        android:targetSdkVersion="34" />
10
11    <!-- Permissions -->
12    <uses-permission android:name="android.permission.INTERNET" />
12-->src/main/AndroidManifest.xml:6:5-67
12-->src/main/AndroidManifest.xml:6:22-64
13    <uses-permission android:name="android.permission.ACCESS_NETWORK_STATE" />
13-->src/main/AndroidManifest.xml:7:5-79
13-->src/main/AndroidManifest.xml:7:22-76
14    <uses-permission android:name="android.permission.ACCESS_FINE_LOCATION" />
14-->src/main/AndroidManifest.xml:8:5-79
14-->src/main/AndroidManifest.xml:8:22-76
15    <uses-permission android:name="android.permission.ACCESS_COARSE_LOCATION" />
15-->src/main/AndroidManifest.xml:9:5-81
15-->src/main/AndroidManifest.xml:9:22-78
16    <uses-permission android:name="android.permission.POST_NOTIFICATIONS" />
16-->src/main/AndroidManifest.xml:10:5-77
16-->src/main/AndroidManifest.xml:10:22-74
17    <uses-permission android:name="android.permission.VIBRATE" />
17-->src/main/AndroidManifest.xml:11:5-66
17-->src/main/AndroidManifest.xml:11:22-63
18    <uses-permission android:name="android.permission.WAKE_LOCK" /> <!-- Required by older versions of Google Play services to create IID tokens -->
18-->[com.google.firebase:firebase-messaging:23.4.0] AndroidManifest.xml:24:5-68
18-->[com.google.firebase:firebase-messaging:23.4.0] AndroidManifest.xml:24:22-65
19    <uses-permission android:name="com.google.android.c2dm.permission.RECEIVE" /> <!-- See https://developer.android.com/training/package-visibility/declaring for more details. -->
19-->[com.google.firebase:firebase-messaging:23.4.0] AndroidManifest.xml:26:5-82
19-->[com.google.firebase:firebase-messaging:23.4.0] AndroidManifest.xml:26:22-79
20    <queries>
20-->[com.stripe:payments-core:20.35.1] AndroidManifest.xml:8:5-12:15
21
22        <!-- Added to check if Chrome is installed for browser-based payment authentication (e.g. 3DS1). -->
23        <package android:name="com.android.chrome" />
23-->[com.stripe:payments-core:20.35.1] AndroidManifest.xml:11:9-54
23-->[com.stripe:payments-core:20.35.1] AndroidManifest.xml:11:18-51
24        <!-- Needs to be explicitly declared on Android R+ -->
25        <package android:name="com.google.android.apps.maps" />
25-->[com.google.android.gms:play-services-maps:18.0.2] AndroidManifest.xml:33:9-64
25-->[com.google.android.gms:play-services-maps:18.0.2] AndroidManifest.xml:33:18-61
26    </queries>
27
28    <uses-feature
28-->[com.google.android.gms:play-services-maps:18.0.2] AndroidManifest.xml:26:5-28:35
29        android:glEsVersion="0x00020000"
29-->[com.google.android.gms:play-services-maps:18.0.2] AndroidManifest.xml:27:9-41
30        android:required="true" />
30-->[com.google.android.gms:play-services-maps:18.0.2] AndroidManifest.xml:28:9-32
31
32    <permission
32-->[androidx.core:core:1.12.0] AndroidManifest.xml:22:5-24:47
33        android:name="com.burner.app.DYNAMIC_RECEIVER_NOT_EXPORTED_PERMISSION"
33-->[androidx.core:core:1.12.0] AndroidManifest.xml:23:9-81
34        android:protectionLevel="signature" />
34-->[androidx.core:core:1.12.0] AndroidManifest.xml:24:9-44
35
36    <uses-permission android:name="com.burner.app.DYNAMIC_RECEIVER_NOT_EXPORTED_PERMISSION" />
36-->[androidx.core:core:1.12.0] AndroidManifest.xml:26:5-97
36-->[androidx.core:core:1.12.0] AndroidManifest.xml:26:22-94
37
38    <application
38-->src/main/AndroidManifest.xml:13:5-60:19
39        android:name="com.burner.app.BurnerApplication"
39-->src/main/AndroidManifest.xml:14:9-42
40        android:allowBackup="true"
40-->src/main/AndroidManifest.xml:15:9-35
41        android:appComponentFactory="androidx.core.app.CoreComponentFactory"
41-->[androidx.core:core:1.12.0] AndroidManifest.xml:28:18-86
42        android:dataExtractionRules="@xml/data_extraction_rules"
42-->src/main/AndroidManifest.xml:16:9-65
43        android:extractNativeLibs="false"
44        android:fullBackupContent="@xml/backup_rules"
44-->src/main/AndroidManifest.xml:17:9-54
45        android:icon="@mipmap/ic_launcher"
45-->src/main/AndroidManifest.xml:18:9-43
46        android:label="@string/app_name"
46-->src/main/AndroidManifest.xml:19:9-41
47        android:roundIcon="@mipmap/ic_launcher_round"
47-->src/main/AndroidManifest.xml:20:9-54
48        android:supportsRtl="true"
48-->src/main/AndroidManifest.xml:21:9-35
49        android:theme="@style/Theme.Burner" >
49-->src/main/AndroidManifest.xml:22:9-44
50        <activity
50-->src/main/AndroidManifest.xml:25:9-45:20
51            android:name="com.burner.app.MainActivity"
51-->src/main/AndroidManifest.xml:26:13-41
52            android:exported="true"
52-->src/main/AndroidManifest.xml:27:13-36
53            android:label="@string/app_name"
53-->src/main/AndroidManifest.xml:28:13-45
54            android:theme="@style/Theme.Burner"
54-->src/main/AndroidManifest.xml:29:13-48
55            android:windowSoftInputMode="adjustResize" >
55-->src/main/AndroidManifest.xml:30:13-55
56            <intent-filter>
56-->src/main/AndroidManifest.xml:31:13-34:29
57                <action android:name="android.intent.action.MAIN" />
57-->src/main/AndroidManifest.xml:32:17-69
57-->src/main/AndroidManifest.xml:32:25-66
58
59                <category android:name="android.intent.category.LAUNCHER" />
59-->src/main/AndroidManifest.xml:33:17-77
59-->src/main/AndroidManifest.xml:33:27-74
60            </intent-filter>
61
62            <!-- Deep linking -->
63            <intent-filter android:autoVerify="true" >
63-->src/main/AndroidManifest.xml:37:13-44:29
63-->src/main/AndroidManifest.xml:37:28-53
64                <action android:name="android.intent.action.VIEW" />
64-->src/main/AndroidManifest.xml:38:17-69
64-->src/main/AndroidManifest.xml:38:25-66
65
66                <category android:name="android.intent.category.DEFAULT" />
66-->src/main/AndroidManifest.xml:39:17-76
66-->src/main/AndroidManifest.xml:39:27-73
67                <category android:name="android.intent.category.BROWSABLE" />
67-->src/main/AndroidManifest.xml:40:17-78
67-->src/main/AndroidManifest.xml:40:27-75
68
69                <data
69-->src/main/AndroidManifest.xml:41:17-43:42
70                    android:host="app"
70-->src/main/AndroidManifest.xml:43:21-39
71                    android:scheme="burner" />
71-->src/main/AndroidManifest.xml:42:21-44
72            </intent-filter>
73        </activity>
74
75        <!-- Firebase Messaging Service -->
76        <service
76-->src/main/AndroidManifest.xml:48:9-54:19
77            android:name="com.burner.app.services.BurnerFirebaseMessagingService"
77-->src/main/AndroidManifest.xml:49:13-68
78            android:exported="false" >
78-->src/main/AndroidManifest.xml:50:13-37
79            <intent-filter>
79-->src/main/AndroidManifest.xml:51:13-53:29
80                <action android:name="com.google.firebase.MESSAGING_EVENT" />
80-->src/main/AndroidManifest.xml:52:17-78
80-->src/main/AndroidManifest.xml:52:25-75
81            </intent-filter>
82        </service>
83
84        <meta-data
84-->src/main/AndroidManifest.xml:56:9-58:52
85            android:name="com.google.firebase.messaging.default_notification_channel_id"
85-->src/main/AndroidManifest.xml:57:13-89
86            android:value="burner_notifications" />
86-->src/main/AndroidManifest.xml:58:13-49
87
88        <activity
88-->[com.stripe:paymentsheet:20.35.1] AndroidManifest.xml:8:9-12:58
89            android:name="com.stripe.android.paymentsheet.PaymentSheetActivity"
89-->[com.stripe:paymentsheet:20.35.1] AndroidManifest.xml:9:13-80
90            android:exported="false"
90-->[com.stripe:paymentsheet:20.35.1] AndroidManifest.xml:10:13-37
91            android:theme="@style/StripePaymentSheetDefaultTheme"
91-->[com.stripe:paymentsheet:20.35.1] AndroidManifest.xml:11:13-66
92            android:windowSoftInputMode="adjustResize" />
92-->[com.stripe:paymentsheet:20.35.1] AndroidManifest.xml:12:13-55
93        <activity
93-->[com.stripe:paymentsheet:20.35.1] AndroidManifest.xml:13:9-17:58
94            android:name="com.stripe.android.paymentsheet.PaymentOptionsActivity"
94-->[com.stripe:paymentsheet:20.35.1] AndroidManifest.xml:14:13-82
95            android:exported="false"
95-->[com.stripe:paymentsheet:20.35.1] AndroidManifest.xml:15:13-37
96            android:theme="@style/StripePaymentSheetDefaultTheme"
96-->[com.stripe:paymentsheet:20.35.1] AndroidManifest.xml:16:13-66
97            android:windowSoftInputMode="adjustResize" />
97-->[com.stripe:paymentsheet:20.35.1] AndroidManifest.xml:17:13-55
98        <activity
98-->[com.stripe:paymentsheet:20.35.1] AndroidManifest.xml:18:9-22:58
99            android:name="com.stripe.android.customersheet.CustomerSheetActivity"
99-->[com.stripe:paymentsheet:20.35.1] AndroidManifest.xml:19:13-82
100            android:exported="false"
100-->[com.stripe:paymentsheet:20.35.1] AndroidManifest.xml:20:13-37
101            android:theme="@style/StripePaymentSheetDefaultTheme"
101-->[com.stripe:paymentsheet:20.35.1] AndroidManifest.xml:21:13-66
102            android:windowSoftInputMode="adjustResize" />
102-->[com.stripe:paymentsheet:20.35.1] AndroidManifest.xml:22:13-55
103        <activity
103-->[com.stripe:paymentsheet:20.35.1] AndroidManifest.xml:23:9-26:69
104            android:name="com.stripe.android.paymentsheet.addresselement.AddressElementActivity"
104-->[com.stripe:paymentsheet:20.35.1] AndroidManifest.xml:24:13-97
105            android:exported="false"
105-->[com.stripe:paymentsheet:20.35.1] AndroidManifest.xml:25:13-37
106            android:theme="@style/StripePaymentSheetDefaultTheme" />
106-->[com.stripe:paymentsheet:20.35.1] AndroidManifest.xml:26:13-66
107        <activity
107-->[com.stripe:paymentsheet:20.35.1] AndroidManifest.xml:27:9-30:69
108            android:name="com.stripe.android.paymentsheet.paymentdatacollection.bacs.BacsMandateConfirmationActivity"
108-->[com.stripe:paymentsheet:20.35.1] AndroidManifest.xml:28:13-118
109            android:exported="false"
109-->[com.stripe:paymentsheet:20.35.1] AndroidManifest.xml:29:13-37
110            android:theme="@style/StripePaymentSheetDefaultTheme" />
110-->[com.stripe:paymentsheet:20.35.1] AndroidManifest.xml:30:13-66
111        <activity
111-->[com.stripe:paymentsheet:20.35.1] AndroidManifest.xml:31:9-34:69
112            android:name="com.stripe.android.paymentsheet.paymentdatacollection.polling.PollingActivity"
112-->[com.stripe:paymentsheet:20.35.1] AndroidManifest.xml:32:13-105
113            android:exported="false"
113-->[com.stripe:paymentsheet:20.35.1] AndroidManifest.xml:33:13-37
114            android:theme="@style/StripePaymentSheetDefaultTheme" />
114-->[com.stripe:paymentsheet:20.35.1] AndroidManifest.xml:34:13-66
115        <activity
115-->[com.stripe:paymentsheet:20.35.1] AndroidManifest.xml:35:9-38:69
116            android:name="com.stripe.android.paymentsheet.ui.SepaMandateActivity"
116-->[com.stripe:paymentsheet:20.35.1] AndroidManifest.xml:36:13-82
117            android:exported="false"
117-->[com.stripe:paymentsheet:20.35.1] AndroidManifest.xml:37:13-37
118            android:theme="@style/StripePaymentSheetDefaultTheme" />
118-->[com.stripe:paymentsheet:20.35.1] AndroidManifest.xml:38:13-66
119        <activity
119-->[com.google.android.gms:play-services-auth:20.7.0] AndroidManifest.xml:23:9-27:75
120            android:name="com.google.android.gms.auth.api.signin.internal.SignInHubActivity"
120-->[com.google.android.gms:play-services-auth:20.7.0] AndroidManifest.xml:24:13-93
121            android:excludeFromRecents="true"
121-->[com.google.android.gms:play-services-auth:20.7.0] AndroidManifest.xml:25:13-46
122            android:exported="false"
122-->[com.google.android.gms:play-services-auth:20.7.0] AndroidManifest.xml:26:13-37
123            android:theme="@android:style/Theme.Translucent.NoTitleBar" />
123-->[com.google.android.gms:play-services-auth:20.7.0] AndroidManifest.xml:27:13-72
124        <!--
125            Service handling Google Sign-In user revocation. For apps that do not integrate with
126            Google Sign-In, this service will never be started.
127        -->
128        <service
128-->[com.google.android.gms:play-services-auth:20.7.0] AndroidManifest.xml:33:9-37:51
129            android:name="com.google.android.gms.auth.api.signin.RevocationBoundService"
129-->[com.google.android.gms:play-services-auth:20.7.0] AndroidManifest.xml:34:13-89
130            android:exported="true"
130-->[com.google.android.gms:play-services-auth:20.7.0] AndroidManifest.xml:35:13-36
131            android:permission="com.google.android.gms.auth.api.signin.permission.REVOCATION_NOTIFICATION"
131-->[com.google.android.gms:play-services-auth:20.7.0] AndroidManifest.xml:36:13-107
132            android:visibleToInstantApps="true" />
132-->[com.google.android.gms:play-services-auth:20.7.0] AndroidManifest.xml:37:13-48
133        <service
133-->[com.google.firebase:firebase-auth-ktx:22.3.0] AndroidManifest.xml:8:9-14:19
134            android:name="com.google.firebase.components.ComponentDiscoveryService"
134-->[com.google.firebase:firebase-auth-ktx:22.3.0] AndroidManifest.xml:9:13-84
135            android:directBootAware="true"
135-->[com.google.firebase:firebase-common:20.4.2] AndroidManifest.xml:32:13-43
136            android:exported="false" >
136-->[com.google.firebase:firebase-auth-ktx:22.3.0] AndroidManifest.xml:10:13-37
137            <meta-data
137-->[com.google.firebase:firebase-auth-ktx:22.3.0] AndroidManifest.xml:11:13-13:85
138                android:name="com.google.firebase.components:com.google.firebase.auth.ktx.FirebaseAuthLegacyRegistrar"
138-->[com.google.firebase:firebase-auth-ktx:22.3.0] AndroidManifest.xml:12:17-119
139                android:value="com.google.firebase.components.ComponentRegistrar" />
139-->[com.google.firebase:firebase-auth-ktx:22.3.0] AndroidManifest.xml:13:17-82
140            <meta-data
140-->[com.google.firebase:firebase-auth:22.3.0] AndroidManifest.xml:69:13-71:85
141                android:name="com.google.firebase.components:com.google.firebase.auth.FirebaseAuthRegistrar"
141-->[com.google.firebase:firebase-auth:22.3.0] AndroidManifest.xml:70:17-109
142                android:value="com.google.firebase.components.ComponentRegistrar" />
142-->[com.google.firebase:firebase-auth:22.3.0] AndroidManifest.xml:71:17-82
143            <meta-data
143-->[com.google.firebase:firebase-functions-ktx:20.4.0] AndroidManifest.xml:12:13-14:85
144                android:name="com.google.firebase.components:com.google.firebase.functions.ktx.FirebaseFunctionsLegacyRegistrar"
144-->[com.google.firebase:firebase-functions-ktx:20.4.0] AndroidManifest.xml:13:17-129
145                android:value="com.google.firebase.components.ComponentRegistrar" />
145-->[com.google.firebase:firebase-functions-ktx:20.4.0] AndroidManifest.xml:14:17-82
146            <meta-data
146-->[com.google.firebase:firebase-functions:20.4.0] AndroidManifest.xml:15:13-17:85
147                android:name="com.google.firebase.components:com.google.firebase.functions.FirebaseFunctionsKtxRegistrar"
147-->[com.google.firebase:firebase-functions:20.4.0] AndroidManifest.xml:16:17-122
148                android:value="com.google.firebase.components.ComponentRegistrar" />
148-->[com.google.firebase:firebase-functions:20.4.0] AndroidManifest.xml:17:17-82
149            <meta-data
149-->[com.google.firebase:firebase-functions:20.4.0] AndroidManifest.xml:18:13-20:85
150                android:name="com.google.firebase.components:com.google.firebase.functions.FunctionsRegistrar"
150-->[com.google.firebase:firebase-functions:20.4.0] AndroidManifest.xml:19:17-111
151                android:value="com.google.firebase.components.ComponentRegistrar" />
151-->[com.google.firebase:firebase-functions:20.4.0] AndroidManifest.xml:20:17-82
152            <meta-data
152-->[com.google.firebase:firebase-firestore-ktx:24.10.0] AndroidManifest.xml:12:13-14:85
153                android:name="com.google.firebase.components:com.google.firebase.firestore.ktx.FirebaseFirestoreLegacyRegistrar"
153-->[com.google.firebase:firebase-firestore-ktx:24.10.0] AndroidManifest.xml:13:17-129
154                android:value="com.google.firebase.components.ComponentRegistrar" />
154-->[com.google.firebase:firebase-firestore-ktx:24.10.0] AndroidManifest.xml:14:17-82
155            <meta-data
155-->[com.google.firebase:firebase-firestore:24.10.0] AndroidManifest.xml:17:13-19:85
156                android:name="com.google.firebase.components:com.google.firebase.firestore.FirebaseFirestoreKtxRegistrar"
156-->[com.google.firebase:firebase-firestore:24.10.0] AndroidManifest.xml:18:17-122
157                android:value="com.google.firebase.components.ComponentRegistrar" />
157-->[com.google.firebase:firebase-firestore:24.10.0] AndroidManifest.xml:19:17-82
158            <meta-data
158-->[com.google.firebase:firebase-firestore:24.10.0] AndroidManifest.xml:20:13-22:85
159                android:name="com.google.firebase.components:com.google.firebase.firestore.FirestoreRegistrar"
159-->[com.google.firebase:firebase-firestore:24.10.0] AndroidManifest.xml:21:17-111
160                android:value="com.google.firebase.components.ComponentRegistrar" />
160-->[com.google.firebase:firebase-firestore:24.10.0] AndroidManifest.xml:22:17-82
161            <meta-data
161-->[com.google.firebase:firebase-messaging-ktx:23.4.0] AndroidManifest.xml:26:13-28:85
162                android:name="com.google.firebase.components:com.google.firebase.messaging.ktx.FirebaseMessagingLegacyRegistrar"
162-->[com.google.firebase:firebase-messaging-ktx:23.4.0] AndroidManifest.xml:27:17-129
163                android:value="com.google.firebase.components.ComponentRegistrar" />
163-->[com.google.firebase:firebase-messaging-ktx:23.4.0] AndroidManifest.xml:28:17-82
164            <meta-data
164-->[com.google.firebase:firebase-messaging:23.4.0] AndroidManifest.xml:57:13-59:85
165                android:name="com.google.firebase.components:com.google.firebase.messaging.FirebaseMessagingKtxRegistrar"
165-->[com.google.firebase:firebase-messaging:23.4.0] AndroidManifest.xml:58:17-122
166                android:value="com.google.firebase.components.ComponentRegistrar" />
166-->[com.google.firebase:firebase-messaging:23.4.0] AndroidManifest.xml:59:17-82
167            <meta-data
167-->[com.google.firebase:firebase-messaging:23.4.0] AndroidManifest.xml:60:13-62:85
168                android:name="com.google.firebase.components:com.google.firebase.messaging.FirebaseMessagingRegistrar"
168-->[com.google.firebase:firebase-messaging:23.4.0] AndroidManifest.xml:61:17-119
169                android:value="com.google.firebase.components.ComponentRegistrar" />
169-->[com.google.firebase:firebase-messaging:23.4.0] AndroidManifest.xml:62:17-82
170            <meta-data
170-->[com.google.firebase:firebase-iid:21.1.0] AndroidManifest.xml:32:13-34:85
171                android:name="com.google.firebase.components:com.google.firebase.iid.Registrar"
171-->[com.google.firebase:firebase-iid:21.1.0] AndroidManifest.xml:33:17-96
172                android:value="com.google.firebase.components.ComponentRegistrar" />
172-->[com.google.firebase:firebase-iid:21.1.0] AndroidManifest.xml:34:17-82
173            <meta-data
173-->[com.google.firebase:firebase-installations:17.2.0] AndroidManifest.xml:15:13-17:85
174                android:name="com.google.firebase.components:com.google.firebase.installations.FirebaseInstallationsKtxRegistrar"
174-->[com.google.firebase:firebase-installations:17.2.0] AndroidManifest.xml:16:17-130
175                android:value="com.google.firebase.components.ComponentRegistrar" />
175-->[com.google.firebase:firebase-installations:17.2.0] AndroidManifest.xml:17:17-82
176            <meta-data
176-->[com.google.firebase:firebase-installations:17.2.0] AndroidManifest.xml:18:13-20:85
177                android:name="com.google.firebase.components:com.google.firebase.installations.FirebaseInstallationsRegistrar"
177-->[com.google.firebase:firebase-installations:17.2.0] AndroidManifest.xml:19:17-127
178                android:value="com.google.firebase.components.ComponentRegistrar" />
178-->[com.google.firebase:firebase-installations:17.2.0] AndroidManifest.xml:20:17-82
179            <meta-data
179-->[com.google.firebase:firebase-common-ktx:20.4.2] AndroidManifest.xml:12:13-14:85
180                android:name="com.google.firebase.components:com.google.firebase.ktx.FirebaseCommonLegacyRegistrar"
180-->[com.google.firebase:firebase-common-ktx:20.4.2] AndroidManifest.xml:13:17-116
181                android:value="com.google.firebase.components.ComponentRegistrar" />
181-->[com.google.firebase:firebase-common-ktx:20.4.2] AndroidManifest.xml:14:17-82
182            <meta-data
182-->[com.google.firebase:firebase-common:20.4.2] AndroidManifest.xml:35:13-37:85
183                android:name="com.google.firebase.components:com.google.firebase.FirebaseCommonKtxRegistrar"
183-->[com.google.firebase:firebase-common:20.4.2] AndroidManifest.xml:36:17-109
184                android:value="com.google.firebase.components.ComponentRegistrar" />
184-->[com.google.firebase:firebase-common:20.4.2] AndroidManifest.xml:37:17-82
185            <meta-data
185-->[com.google.firebase:firebase-datatransport:18.1.7] AndroidManifest.xml:27:13-29:85
186                android:name="com.google.firebase.components:com.google.firebase.datatransport.TransportRegistrar"
186-->[com.google.firebase:firebase-datatransport:18.1.7] AndroidManifest.xml:28:17-115
187                android:value="com.google.firebase.components.ComponentRegistrar" />
187-->[com.google.firebase:firebase-datatransport:18.1.7] AndroidManifest.xml:29:17-82
188        </service>
189
190        <activity
190-->[com.google.firebase:firebase-auth:22.3.0] AndroidManifest.xml:29:9-46:20
191            android:name="com.google.firebase.auth.internal.GenericIdpActivity"
191-->[com.google.firebase:firebase-auth:22.3.0] AndroidManifest.xml:30:13-80
192            android:excludeFromRecents="true"
192-->[com.google.firebase:firebase-auth:22.3.0] AndroidManifest.xml:31:13-46
193            android:exported="true"
193-->[com.google.firebase:firebase-auth:22.3.0] AndroidManifest.xml:32:13-36
194            android:launchMode="singleTask"
194-->[com.google.firebase:firebase-auth:22.3.0] AndroidManifest.xml:33:13-44
195            android:theme="@android:style/Theme.Translucent.NoTitleBar" >
195-->[com.google.firebase:firebase-auth:22.3.0] AndroidManifest.xml:34:13-72
196            <intent-filter>
196-->[com.google.firebase:firebase-auth:22.3.0] AndroidManifest.xml:35:13-45:29
197                <action android:name="android.intent.action.VIEW" />
197-->src/main/AndroidManifest.xml:38:17-69
197-->src/main/AndroidManifest.xml:38:25-66
198
199                <category android:name="android.intent.category.DEFAULT" />
199-->src/main/AndroidManifest.xml:39:17-76
199-->src/main/AndroidManifest.xml:39:27-73
200                <category android:name="android.intent.category.BROWSABLE" />
200-->src/main/AndroidManifest.xml:40:17-78
200-->src/main/AndroidManifest.xml:40:27-75
201
202                <data
202-->src/main/AndroidManifest.xml:41:17-43:42
203                    android:host="firebase.auth"
203-->src/main/AndroidManifest.xml:43:21-39
204                    android:path="/"
205                    android:scheme="genericidp" />
205-->src/main/AndroidManifest.xml:42:21-44
206            </intent-filter>
207        </activity>
208        <activity
208-->[com.google.firebase:firebase-auth:22.3.0] AndroidManifest.xml:47:9-64:20
209            android:name="com.google.firebase.auth.internal.RecaptchaActivity"
209-->[com.google.firebase:firebase-auth:22.3.0] AndroidManifest.xml:48:13-79
210            android:excludeFromRecents="true"
210-->[com.google.firebase:firebase-auth:22.3.0] AndroidManifest.xml:49:13-46
211            android:exported="true"
211-->[com.google.firebase:firebase-auth:22.3.0] AndroidManifest.xml:50:13-36
212            android:launchMode="singleTask"
212-->[com.google.firebase:firebase-auth:22.3.0] AndroidManifest.xml:51:13-44
213            android:theme="@android:style/Theme.Translucent.NoTitleBar" >
213-->[com.google.firebase:firebase-auth:22.3.0] AndroidManifest.xml:52:13-72
214            <intent-filter>
214-->[com.google.firebase:firebase-auth:22.3.0] AndroidManifest.xml:53:13-63:29
215                <action android:name="android.intent.action.VIEW" />
215-->src/main/AndroidManifest.xml:38:17-69
215-->src/main/AndroidManifest.xml:38:25-66
216
217                <category android:name="android.intent.category.DEFAULT" />
217-->src/main/AndroidManifest.xml:39:17-76
217-->src/main/AndroidManifest.xml:39:27-73
218                <category android:name="android.intent.category.BROWSABLE" />
218-->src/main/AndroidManifest.xml:40:17-78
218-->src/main/AndroidManifest.xml:40:27-75
219
220                <data
220-->src/main/AndroidManifest.xml:41:17-43:42
221                    android:host="firebase.auth"
221-->src/main/AndroidManifest.xml:43:21-39
222                    android:path="/"
223                    android:scheme="recaptcha" />
223-->src/main/AndroidManifest.xml:42:21-44
224            </intent-filter>
225        </activity>
226
227        <receiver
227-->[com.google.firebase:firebase-messaging:23.4.0] AndroidManifest.xml:29:9-40:20
228            android:name="com.google.firebase.iid.FirebaseInstanceIdReceiver"
228-->[com.google.firebase:firebase-messaging:23.4.0] AndroidManifest.xml:30:13-78
229            android:exported="true"
229-->[com.google.firebase:firebase-messaging:23.4.0] AndroidManifest.xml:31:13-36
230            android:permission="com.google.android.c2dm.permission.SEND" >
230-->[com.google.firebase:firebase-messaging:23.4.0] AndroidManifest.xml:32:13-73
231            <intent-filter>
231-->[com.google.firebase:firebase-messaging:23.4.0] AndroidManifest.xml:33:13-35:29
232                <action android:name="com.google.android.c2dm.intent.RECEIVE" />
232-->[com.google.firebase:firebase-messaging:23.4.0] AndroidManifest.xml:34:17-81
232-->[com.google.firebase:firebase-messaging:23.4.0] AndroidManifest.xml:34:25-78
233            </intent-filter>
234
235            <meta-data
235-->[com.google.firebase:firebase-messaging:23.4.0] AndroidManifest.xml:37:13-39:40
236                android:name="com.google.android.gms.cloudmessaging.FINISHED_AFTER_HANDLED"
236-->[com.google.firebase:firebase-messaging:23.4.0] AndroidManifest.xml:38:17-92
237                android:value="true" />
237-->[com.google.firebase:firebase-messaging:23.4.0] AndroidManifest.xml:39:17-37
238        </receiver>
239        <!--
240             FirebaseMessagingService performs security checks at runtime,
241             but set to not exported to explicitly avoid allowing another app to call it.
242        -->
243        <service
243-->[com.google.firebase:firebase-messaging:23.4.0] AndroidManifest.xml:46:9-53:19
244            android:name="com.google.firebase.messaging.FirebaseMessagingService"
244-->[com.google.firebase:firebase-messaging:23.4.0] AndroidManifest.xml:47:13-82
245            android:directBootAware="true"
245-->[com.google.firebase:firebase-messaging:23.4.0] AndroidManifest.xml:48:13-43
246            android:exported="false" >
246-->[com.google.firebase:firebase-messaging:23.4.0] AndroidManifest.xml:49:13-37
247            <intent-filter android:priority="-500" >
247-->src/main/AndroidManifest.xml:51:13-53:29
248                <action android:name="com.google.firebase.MESSAGING_EVENT" />
248-->src/main/AndroidManifest.xml:52:17-78
248-->src/main/AndroidManifest.xml:52:25-75
249            </intent-filter>
250        </service>
251
252        <activity
252-->[com.stripe:link:20.35.1] AndroidManifest.xml:8:9-13:61
253            android:name="com.stripe.android.link.LinkForegroundActivity"
253-->[com.stripe:link:20.35.1] AndroidManifest.xml:9:13-74
254            android:autoRemoveFromRecents="true"
254-->[com.stripe:link:20.35.1] AndroidManifest.xml:10:13-49
255            android:configChanges="orientation|keyboard|keyboardHidden|screenLayout|screenSize|smallestScreenSize"
255-->[com.stripe:link:20.35.1] AndroidManifest.xml:11:13-115
256            android:launchMode="singleTop"
256-->[com.stripe:link:20.35.1] AndroidManifest.xml:12:13-43
257            android:theme="@style/StripeTransparentTheme" />
257-->[com.stripe:link:20.35.1] AndroidManifest.xml:13:13-58
258        <activity
258-->[com.stripe:link:20.35.1] AndroidManifest.xml:14:9-31:20
259            android:name="com.stripe.android.link.LinkRedirectHandlerActivity"
259-->[com.stripe:link:20.35.1] AndroidManifest.xml:15:13-79
260            android:autoRemoveFromRecents="true"
260-->[com.stripe:link:20.35.1] AndroidManifest.xml:16:13-49
261            android:exported="true"
261-->[com.stripe:link:20.35.1] AndroidManifest.xml:17:13-36
262            android:launchMode="singleInstance"
262-->[com.stripe:link:20.35.1] AndroidManifest.xml:18:13-48
263            android:theme="@style/StripeTransparentTheme" >
263-->[com.stripe:link:20.35.1] AndroidManifest.xml:19:13-58
264            <intent-filter>
264-->[com.stripe:link:20.35.1] AndroidManifest.xml:20:13-30:29
265                <action android:name="android.intent.action.VIEW" />
265-->src/main/AndroidManifest.xml:38:17-69
265-->src/main/AndroidManifest.xml:38:25-66
266
267                <category android:name="android.intent.category.DEFAULT" />
267-->src/main/AndroidManifest.xml:39:17-76
267-->src/main/AndroidManifest.xml:39:27-73
268                <category android:name="android.intent.category.BROWSABLE" />
268-->src/main/AndroidManifest.xml:40:17-78
268-->src/main/AndroidManifest.xml:40:27-75
269
270                <data